<?xml version="1.0" encoding="UTF-8"?>
<testsuites>
  <testsuite name="App\Domains\Payroll\Tests\Feature\PayrollReportsTest" file="Payroll Reports (App\Domains\Payroll\Tests\Feature\PayrollReports)" tests="5" assertions="9" errors="0" failures="1" skipped="0" time="1.767985">
    <testcase name="Payroll reports index redirects to central reports index" file="Payroll Reports (App\Domains\Payroll\Tests\Feature\PayrollReports)::Payroll reports index redirects to central reports index" class="App\Domains\Payroll\Tests\Feature\PayrollReportsTest" classname="App.Domains.Payroll.Tests.Feature.PayrollReportsTest" assertions="2" time="1.076803"/>
    <testcase name="User without payroll permission cannot access reports index" file="Payroll Reports (App\Domains\Payroll\Tests\Feature\PayrollReports)::User without payroll permission cannot access reports index" class="App\Domains\Payroll\Tests\Feature\PayrollReportsTest" classname="App.Domains.Payroll.Tests.Feature.PayrollReportsTest" assertions="1" time="0.106523"/>
    <testcase name="Reports index contains link to weekly employee hours" file="Payroll Reports (App\Domains\Payroll\Tests\Feature\PayrollReports)::Reports index contains link to weekly employee hours" class="App\Domains\Payroll\Tests\Feature\PayrollReportsTest" classname="App.Domains.Payroll.Tests.Feature.PayrollReportsTest" assertions="1" time="0.205395"/>
    <testcase name="Weekly employee hours uses payroll layout when referred from payroll pages" file="Payroll Reports (App\Domains\Payroll\Tests\Feature\PayrollReports)::Weekly employee hours uses payroll layout when referred from payroll pages" class="App\Domains\Payroll\Tests\Feature\PayrollReportsTest" classname="App.Domains.Payroll.Tests.Feature.PayrollReportsTest" assertions="2" time="0.218828">
      <failure type="PHPUnit\Framework\ExpectationFailedException">Weekly employee hours uses payroll layout when referred from payroll pagesFailed asserting that '&lt;!DOCTYPE html&gt;\n
&lt;html lang="en" class="dark"&gt;\n
    &lt;head&gt;\n
        &lt;meta charset="utf-8" /&gt;\n
&lt;meta name="viewport" content="width=device-width, initial-scale=1.0, viewport-fit=cover" /&gt;\n
&lt;meta name="csrf-token" content="vkMUw26WSzBQdVpmA2p9OXdEuit9DSq0GmZNHrR1" /&gt;\n
&lt;meta name="application-name" content="Laravel" /&gt;\n
&lt;meta name="apple-mobile-web-app-capable" content="yes" /&gt;\n
&lt;meta name="apple-mobile-web-app-status-bar-style" content="default" /&gt;\n
&lt;meta name="apple-mobile-web-app-title" content="Laravel" /&gt;\n
&lt;meta name="mobile-web-app-capable" content="yes" /&gt;\n
&lt;meta name="theme-color" content="#171717" media="(prefers-color-scheme: dark)" /&gt;\n
&lt;meta name="theme-color" content="#ffffff" media="(prefers-color-scheme: light)" /&gt;\n
&lt;meta name="msapplication-TileColor" content="#171717" /&gt;\n
\n
&lt;title&gt;\n
    Laravel\n
&lt;/title&gt;\n
\n
&lt;link rel="manifest" href="/manifest.json"&gt;\n
&lt;link rel="icon" href="/favicon.ico?v=20260517-2" sizes="any"&gt;\n
&lt;link rel="icon" href="/favicon.svg?v=20260517-2" type="image/svg+xml"&gt;\n
&lt;link rel="icon" href="/ms-icon 1.png?v=20260517-2" type="image/png"&gt;\n
&lt;link rel="apple-touch-icon" href="/apple-touch-icon.png?v=20260517-2"&gt;\n
&lt;meta name="msapplication-TileImage" content="/icon-192.png?v=20260517-2" /&gt;\n
\n
&lt;link rel="preconnect" href="https://fonts.bunny.net"&gt;\n
&lt;link href="https://fonts.bunny.net/css?family=instrument-sans:400,500,600" rel="stylesheet" /&gt;\n
\n
&lt;link rel="preload" as="style" href="https://project-manager-app.test/build/assets/app-DyDMfEf0.css" /&gt;&lt;link rel="modulepreload" as="script" href="https://project-manager-app.test/build/assets/app-l0sNRNKZ.js" /&gt;&lt;link rel="stylesheet" href="https://project-manager-app.test/build/assets/app-DyDMfEf0.css" data-navigate-track="reload" /&gt;&lt;script type="module" src="https://project-manager-app.test/build/assets/app-l0sNRNKZ.js" data-navigate-track="reload"&gt;&lt;/script&gt;&lt;style&gt;\n
    :root.dark {\n
        color-scheme: dark;\n
    }\n
&lt;/style&gt;\n
&lt;script&gt;\n
    window.Flux = {\n
        applyAppearance (appearance) {\n
            let applyDark = () =&gt; document.documentElement.classList.add('dark')\n
            let applyLight = () =&gt; document.documentElement.classList.remove('dark')\n
\n
            if (appearance === 'system') {\n
                let media = window.matchMedia('(prefers-color-scheme: dark)')\n
\n
                window.localStorage.removeItem('flux.appearance')\n
\n
                media.matches ? applyDark() : applyLight()\n
            } else if (appearance === 'dark') {\n
                window.localStorage.setItem('flux.appearance', 'dark')\n
\n
                applyDark()\n
            } else if (appearance === 'light') {\n
                window.localStorage.setItem('flux.appearance', 'light')\n
\n
                applyLight()\n
            }\n
        }\n
    }\n
\n
    window.Flux.applyAppearance(window.localStorage.getItem('flux.appearance') || 'system')\n
&lt;/script&gt;\n
    &lt;!-- Livewire Styles --&gt;&lt;style &gt;[wire\:loading][wire\:loading], [wire\:loading\.delay][wire\:loading\.delay], [wire\:loading\.list-item][wire\:loading\.list-item], [wire\:loading\.inline-block][wire\:loading\.inline-block], [wire\:loading\.inline][wire\:loading\.inline], [wire\:loading\.block][wire\:loading\.block], [wire\:loading\.flex][wire\:loading\.flex], [wire\:loading\.table][wire\:loading\.table], [wire\:loading\.grid][wire\:loading\.grid], [wire\:loading\.inline-flex][wire\:loading\.inline-flex] {display: none;}[wire\:loading\.delay\.none][wire\:loading\.delay\.none], [wire\:loading\.delay\.shortest][wire\:loading\.delay\.shortest], [wire\:loading\.delay\.shorter][wire\:loading\.delay\.shorter], [wire\:loading\.delay\.short][wire\:loading\.delay\.short], [wire\:loading\.delay\.default][wire\:loading\.delay\.default], [wire\:loading\.delay\.long][wire\:loading\.delay\.long], [wire\:loading\.delay\.longer][wire\:loading\.delay\.longer], [wire\:loading\.delay\.longest][wire\:loading\.delay\.longest] {display: none;}[wire\:offline][wire\:offline] {display: none;}[wire\:dirty]:not(textarea):not(input):not(select) {display: none;}:root {--livewire-progress-bar-color: #2299dd;}[x-cloak] {display: none !important;}[wire\:cloak] {display: none !important;}dialog#livewire-error::backdrop {background-color: rgba(0, 0, 0, .6);}&lt;/style&gt;\n
&lt;/head&gt;\n
    &lt;body class="min-h-screen bg-white dark:bg-zinc-800"&gt;\n
        \n
        &lt;ui-sidebar-toggle class="z-20 fixed inset-0 bg-black/10 hidden data-flux-sidebar-on-mobile:not-data-flux-sidebar-collapsed-mobile:block" data-flux-sidebar-backdrop&gt;&lt;/ui-sidebar-toggle&gt;\n
\n
&lt;ui-sidebar\n
    class="[grid-area:sidebar] z-1 flex flex-col gap-4 [:where(&amp;amp;)]:w-64 p-4 data-flux-sidebar-collapsed-desktop:w-14 data-flux-sidebar-collapsed-desktop:px-2 data-flux-sidebar-collapsed-desktop:cursor-e-resize rtl:data-flux-sidebar-collapsed-desktop:cursor-w-resize max-lg:data-flux-sidebar-cloak:hidden data-flux-sidebar-on-mobile:data-flux-sidebar-collapsed-mobile:-translate-x-full data-flux-sidebar-on-mobile:data-flux-sidebar-collapsed-mobile:rtl:translate-x-full z-20! data-flux-sidebar-on-mobile:start-0! data-flux-sidebar-on-mobile:fixed! data-flux-sidebar-on-mobile:top-0! data-flux-sidebar-on-mobile:min-h-dvh! data-flux-sidebar-on-mobile:max-h-dvh! max-h-dvh overflow-y-auto overscroll-contain border-e border-zinc-200 bg-zinc-50 dark:border-zinc-700 dark:bg-zinc-900" x-init="$el.classList.add(&amp;#039;transition-transform&amp;#039;)"\n
     collapsible="true"          sticky     x-data\n
    data-flux-sidebar-cloak\n
    data-flux-sidebar\n
&gt;\n
    &lt;div class="flex items-center justify-between gap-2 min-h-10 gap-2" data-flux-sidebar-header&gt;\n
    &lt;a href="https://project-manager-app.test/dashboard" class="h-10 flex items-center px-2 in-data-flux-sidebar-collapsed-desktop:w-10 in-data-flux-sidebar-collapsed-desktop:px-0 in-data-flux-sidebar-collapsed-desktop:justify-center in-data-flux-sidebar-collapsed-desktop:in-data-flux-sidebar-active:absolute in-data-flux-sidebar-collapsed-desktop:in-data-flux-sidebar-active:opacity-0 gap-2 min-w-0 flex-1" wire:navigate="" data-flux-sidebar-brand&gt;\n
                    &lt;div class="flex items-center justify-center [:where(&amp;amp;)]:h-6 [:where(&amp;amp;)]:min-w-6 [:where(&amp;amp;)]:rounded-sm overflow-hidden shrink-0 flex aspect-square size-8 items-center justify-center rounded-md overflow-hidden"&gt;\n
                &lt;img src="/ms-icon 1.png" alt="Laravel" class="size-8 object-cover" /&gt;\n
            &lt;/div&gt;\n
        \n
        &lt;div class="text-sm font-medium truncate [:where(&amp;amp;)]:text-zinc-800 dark:[:where(&amp;amp;)]:text-zinc-100 in-data-flux-sidebar-collapsed-desktop:hidden"&gt;Laravel&lt;/div&gt;\n
    &lt;/a&gt;\n
                &lt;ui-sidebar-toggle class="w-10 h-8 flex items-center justify-center in-data-flux-sidebar-collapsed-desktop:opacity-0 in-data-flux-sidebar-collapsed-desktop:absolute in-data-flux-sidebar-collapsed-desktop:in-data-flux-sidebar-active:opacity-100  shrink-0 lg:inline-flex" data-flux-sidebar-collapse&gt;\n
    &lt;ui-tooltip position="right center"  data-flux-tooltip &gt;\n
        &lt;button type="button" class="size-10 relative items-center font-medium justify-center gap-2 whitespace-nowrap disabled:opacity-75 dark:disabled:opacity-75 disabled:cursor-default disabled:pointer-events-none text-sm rounded-lg inline-flex  bg-transparent hover:bg-zinc-800/5 dark:hover:bg-white/15 text-zinc-500 hover:text-zinc-800 dark:text-zinc-400 dark:hover:text-white in-data-flux-sidebar-collapsed-desktop:cursor-e-resize rtl:in-data-flux-sidebar-collapsed-desktop:cursor-w-resize [&amp;amp;[collapsible=&amp;quot;mobile&amp;quot;]]:in-data-flux-sidebar-on-desktop:hidden rtl:rotate-180"&gt;\n
            &lt;svg class="text-zinc-500 dark:text-zinc-400" width="20" height="20" viewBox="0 0 20 20" fill="none" xmlns="http://www.w3.org/2000/svg"&gt;\n
                &lt;path d="M7.5 3.75V16.25M3.4375 16.25H16.5625C17.08 16.25 17.5 15.83 17.5 15.3125V4.6875C17.5 4.17 17.08 3.75 16.5625 3.75H3.4375C2.92 3.75 2.5 4.17 2.5 4.6875V15.3125C2.5 15.83 2.92 16.25 3.4375 16.25Z" stroke="currentColor" stroke-width="1.25" stroke-linecap="round" stroke-linejoin="round"&gt;&lt;/path&gt;\n
            &lt;/svg&gt;\n
        &lt;/button&gt;\n
\n
                    &lt;div popover="manual" class="relative py-2 px-2.5 rounded-md text-xs text-white font-medium bg-zinc-800 dark:bg-zinc-700 dark:border dark:border-white/10 p-0 overflow-visible" data-flux-tooltip-content&gt;\n
    Toggle sidebar\n
\n
    &lt;/div&gt;\n
            &lt;/ui-tooltip&gt;\n
&lt;/ui-sidebar-toggle&gt;\n
&lt;/div&gt;\n
            &lt;nav class="flex flex-col overflow-visible min-h-auto" data-flux-sidebar-nav&gt;\n
    &lt;ui-tooltip position="right center"  data-flux-tooltip &gt;\n
        &lt;a href="https://project-manager-app.test/dashboard" wire:current.ignore="" class="h-8 in-data-flux-sidebar-on-mobile:h-10 relative flex items-center gap-3 rounded-lg in-data-flux-sidebar-collapsed-desktop:w-10 in-data-flux-sidebar-collapsed-desktop:justify-center py-0 text-start w-full px-3 has-data-flux-navlist-badge:not-in-data-flux-sidebar-collapsed-desktop:pe-1.5 my-px text-zinc-500 dark:text-white/80 data-current:text-(--color-accent-content) hover:data-current:text-(--color-accent-content) data-current:bg-white dark:data-current:bg-white/[7%] data-current:border data-current:border-zinc-200 dark:data-current:border-transparent hover:text-zinc-800 dark:hover:text-white dark:hover:bg-white/[7%] hover:bg-zinc-800/5  border border-transparent in-data-flux-sidebar-group-dropdown:w-auto! in-data-flux-sidebar-group-dropdown:px-2! in-data-flux-sidebar-group-dropdown:text-zinc-800! in-data-flux-sidebar-group-dropdown:bg-white! in-data-flux-sidebar-group-dropdown:hover:bg-zinc-50! dark:in-data-flux-sidebar-group-dropdown:text-white! dark:in-data-flux-sidebar-group-dropdown:bg-transparent! dark:in-data-flux-sidebar-group-dropdown:hover:bg-zinc-600!" data-flux-sidebar-item="data-flux-sidebar-item" wire:navigate=""&gt;\n
        &lt;div class="relative"&gt;\n
                                    &lt;svg class="shrink-0 [:where(&amp;amp;)]:size-6 size-4 in-data-flux-sidebar-group-dropdown:text-zinc-400! dark:in-data-flux-sidebar-group-dropdown:text-white/80! [[data-flux-sidebar-item]:hover_&amp;]:text-current!" data-flux-icon xmlns="http://www.w3.org/2000/svg" fill="none" viewBox="0 0 24 24" stroke-width="1.5" stroke="currentColor" aria-hidden="true" data-slot="icon"&gt;\n
  &lt;path stroke-linecap="round" stroke-linejoin="round" d="m2.25 12 8.954-8.955c.44-.439 1.152-.439 1.591 0L21.75 12M4.5 9.75v10.125c0 .621.504 1.125 1.125 1.125H9.75v-4.875c0-.621.504-1.125 1.125-1.125h2.25c.621 0 1.125.504 1.125 1.125V21h4.125c.621 0 1.125-.504 1.125-1.125V9.75M8.25 21h8.25"/&gt;\n
&lt;/svg&gt;\n
\n
                        \n
                            &lt;/div&gt;\n
        \n
                    &lt;div class="\n
                in-data-flux-sidebar-collapsed-desktop:not-in-data-flux-sidebar-group-dropdown:hidden\n
                flex-1 text-sm font-medium truncate [[data-nav-footer]_&amp;]:hidden [[data-nav-sidebar]_[data-nav-footer]_&amp;]:block" data-content&gt;Dashboard&lt;/div&gt;\n
    &lt;/a&gt;\n
\n
    &lt;div popover="manual" class="relative py-2 px-2.5 rounded-md text-xs text-white font-medium bg-zinc-800 dark:bg-zinc-700 dark:border dark:border-white/10 p-0 overflow-visible not-in-data-flux-sidebar-collapsed-desktop:hidden in-data-flux-sidebar-group-dropdown:hidden cursor-default" data-flux-tooltip-content&gt;\n
    Dashboard\n
\n
    &lt;/div&gt;\n
\n
            &lt;/ui-tooltip&gt;\n
\n
                \n
\n
                                \n
\n
                &lt;div class="flex-1 pointer-events-none" data-flux-sidebar-spacer&gt;&lt;/div&gt;\n
&lt;div class="flex items-center justify-between gap-2 min-h-10 in-data-flux-sidebar-collapsed-desktop:hidden" data-flux-sidebar-header&gt;\n
    &lt;div data-orientation="horizontal" class="flex items-center w-full" role="none" data-flux-separator&gt;\n
        &lt;div class="border-0 [print-color-adjust:exact] bg-zinc-800/15 dark:bg-white/20 h-px w-full grow text-lg" data-flux-separator="admin-header"&gt;&lt;/div&gt;\n
\n
        &lt;span class="shrink mx-6 font-medium text-sm text-zinc-500 dark:text-zinc-300 whitespace-nowrap"&gt;Administration&lt;/span&gt;\n
\n
        &lt;div class="border-0 [print-color-adjust:exact] bg-zinc-800/15 dark:bg-white/20 h-px w-full grow text-lg" data-flux-separator="admin-header"&gt;&lt;/div&gt;\n
    &lt;/div&gt;\n
&lt;/div&gt;\n
\n
\n
\n
\n
\n
\n
\n
\n
    &lt;ui-tooltip position="right center"  data-flux-tooltip &gt;\n
        &lt;a href="https://project-manager-app.test/admin/payroll/runs" data-current="data-current" wire:current.ignore="" class="h-8 in-data-flux-sidebar-on-mobile:h-10 relative flex items-center gap-3 rounded-lg in-data-flux-sidebar-collapsed-desktop:w-10 in-data-flux-sidebar-collapsed-desktop:justify-center py-0 text-start w-full px-3 has-data-flux-navlist-badge:not-in-data-flux-sidebar-collapsed-desktop:pe-1.5 my-px text-zinc-500 dark:text-white/80 data-current:text-(--color-accent-content) hover:data-current:text-(--color-accent-content) data-current:bg-white dark:data-current:bg-white/[7%] data-current:border data-current:border-zinc-200 dark:data-current:border-transparent hover:text-zinc-800 dark:hover:text-white dark:hover:bg-white/[7%] hover:bg-zinc-800/5  border border-transparent in-data-flux-sidebar-group-dropdown:w-auto! in-data-flux-sidebar-group-dropdown:px-2! in-data-flux-sidebar-group-dropdown:text-zinc-800! in-data-flux-sidebar-group-dropdown:bg-white! in-data-flux-sidebar-group-dropdown:hover:bg-zinc-50! dark:in-data-flux-sidebar-group-dropdown:text-white! dark:in-data-flux-sidebar-group-dropdown:bg-transparent! dark:in-data-flux-sidebar-group-dropdown:hover:bg-zinc-600!" data-flux-sidebar-item="data-flux-sidebar-item" wire:navigate="" data-test="admin-payroll-sidebar-main-link"&gt;\n
        &lt;div class="relative"&gt;\n
                                    &lt;svg class="shrink-0 [:where(&amp;amp;)]:size-6 size-4 in-data-flux-sidebar-group-dropdown:text-zinc-400! dark:in-data-flux-sidebar-group-dropdown:text-white/80! [[data-flux-sidebar-item]:hover_&amp;]:text-current!" data-flux-icon xmlns="http://www.w3.org/2000/svg" fill="none" viewBox="0 0 24 24" stroke-width="1.5" stroke="currentColor" aria-hidden="true" data-slot="icon"&gt;\n
  &lt;path stroke-linecap="round" stroke-linejoin="round" d="M2.25 18.75a60.07 60.07 0 0 1 15.797 2.101c.727.198 1.453-.342 1.453-1.096V18.75M3.75 4.5v.75A.75.75 0 0 1 3 6h-.75m0 0v-.375c0-.621.504-1.125 1.125-1.125H20.25M2.25 6v9m18-10.5v.75c0 .414.336.75.75.75h.75m-1.5-1.5h.375c.621 0 1.125.504 1.125 1.125v9.75c0 .621-.504 1.125-1.125 1.125h-.375m1.5-1.5H21a.75.75 0 0 0-.75.75v.75m0 0H3.75m0 0h-.375a1.125 1.125 0 0 1-1.125-1.125V15m1.5 1.5v-.75A.75.75 0 0 0 3 15h-.75M15 10.5a3 3 0 1 1-6 0 3 3 0 0 1 6 0Zm3 0h.008v.008H18V10.5Zm-12 0h.008v.008H6V10.5Z"/&gt;\n
&lt;/svg&gt;\n
\n
                        \n
                            &lt;/div&gt;\n
        \n
                    &lt;div class="\n
                in-data-flux-sidebar-collapsed-desktop:not-in-data-flux-sidebar-group-dropdown:hidden\n
                flex-1 text-sm font-medium truncate [[data-nav-footer]_&amp;]:hidden [[data-nav-sidebar]_[data-nav-footer]_&amp;]:block" data-content&gt;Payroll&lt;/div&gt;\n
    &lt;/a&gt;\n
\n
    &lt;div popover="manual" class="relative py-2 px-2.5 rounded-md text-xs text-white font-medium bg-zinc-800 dark:bg-zinc-700 dark:border dark:border-white/10 p-0 overflow-visible not-in-data-flux-sidebar-collapsed-desktop:hidden in-data-flux-sidebar-group-dropdown:hidden cursor-default" data-flux-tooltip-content&gt;\n
    Payroll\n
\n
    &lt;/div&gt;\n
\n
            &lt;/ui-tooltip&gt;\n
&lt;/nav&gt;\n
            &lt;div class="flex-1" data-flux-spacer&gt;&lt;/div&gt;\n
                            &lt;ui-dropdown position="bottom start"  data-flux-dropdown&gt;\n
    &lt;button type="button" class="group flex items-center rounded-lg has-data-[circle=true]:rounded-full [ui-dropdown&amp;gt;&amp;amp;]:w-full p-1 hover:bg-zinc-800/5 dark:hover:bg-white/10" data-test="sidebar-menu-button" data-flux-sidebar-profile&gt;\n
    &lt;div class="shrink-0"&gt;\n
                                &lt;div data-flux-avatar="data-flux-avatar" data-slot="avatar" data-size="sm" class="[:where(&amp;amp;)]:size-8 [:where(&amp;amp;)]:text-sm [--avatar-radius:var(--radius-md)] relative flex-none isolate flex items-center justify-center [:where(&amp;amp;)]:font-medium rounded-[var(--avatar-radius)] [:where(&amp;amp;)]:bg-zinc-200 [:where(&amp;amp;)]:dark:bg-zinc-600 [:where(&amp;amp;)]:text-zinc-800 [:where(&amp;amp;)]:dark:text-white  after:absolute after:inset-0 after:inset-ring-[1px] after:inset-ring-black/7 dark:after:inset-ring-white/10 after:rounded-md"&gt;\n
        &lt;span class="select-none"&gt;TG&lt;/span&gt;\n
    &lt;/div&gt;\n
            &lt;/div&gt;\n
\n
            &lt;span class="in-data-flux-sidebar-collapsed-desktop:hidden mx-2 text-sm text-zinc-500 dark:text-white/80 group-hover:text-zinc-800 dark:group-hover:text-white font-medium truncate"&gt;\n
            Teresa Graham\n
        &lt;/span&gt;\n
    \n
            &lt;div class="in-data-flux-sidebar-collapsed-desktop:hidden shrink-0 ms-auto size-8 flex justify-center items-center"&gt;\n
            &lt;svg\n
    class="shrink-0 [:where(&amp;amp;)]:size-4 text-zinc-400 dark:text-white/80 group-hover:text-zinc-800 dark:group-hover:text-white"\n
    data-flux-icon\n
    xmlns="http://www.w3.org/2000/svg"\n
    viewBox="0 0 24 24"\n
    fill="none"\n
    stroke="currentColor"\n
    stroke-width="2.5"\n
    stroke-linecap="round"\n
    stroke-linejoin="round"\n
    aria-hidden="true"\n
    data-slot="icon"\n
&gt;\n
    &lt;path d="m7 15 5 5 5-5" /&gt;\n
    &lt;path d="m7 9 5-5 5 5" /&gt;\n
&lt;/svg&gt;\n
        &lt;/div&gt;\n
    &lt;/button&gt;\n
\n
    &lt;ui-menu\n
    class="[:where(&amp;amp;)]:min-w-48 p-[.3125rem] rounded-lg shadow-xs border border-zinc-200 dark:border-zinc-600 bg-white dark:bg-zinc-700 focus:outline-hidden"\n
    popover="manual"\n
    data-flux-menu\n
&gt;\n
    &lt;div class="flex items-center gap-2 px-1 py-1.5 text-start text-sm"&gt;\n
            &lt;div data-flux-avatar="data-flux-avatar" data-slot="avatar" data-size="md" class="[:where(&amp;amp;)]:size-10 [:where(&amp;amp;)]:text-sm [--avatar-radius:var(--radius-lg)] relative flex-none isolate flex items-center justify-center [:where(&amp;amp;)]:font-medium rounded-[var(--avatar-radius)] [:where(&amp;amp;)]:bg-zinc-200 [:where(&amp;amp;)]:dark:bg-zinc-600 [:where(&amp;amp;)]:text-zinc-800 [:where(&amp;amp;)]:dark:text-white  after:absolute after:inset-0 after:inset-ring-[1px] after:inset-ring-black/7 dark:after:inset-ring-white/10 after:rounded-lg"&gt;\n
        &lt;span class="select-none"&gt;TG&lt;/span&gt;\n
    &lt;/div&gt;\n
            &lt;div class="grid flex-1 text-start text-sm leading-tight"&gt;\n
                &lt;div class="font-medium [:where(&amp;amp;)]:text-zinc-800 [:where(&amp;amp;)]:dark:text-white text-sm [&amp;amp;:has(+[data-flux-subheading])]:mb-2 [[data-flux-subheading]+&amp;amp;]:mt-2 truncate" data-flux-heading&gt;Teresa Graham&lt;/div&gt;\n
                &lt;p class="[:where(&amp;amp;)]:font-normal [:where(&amp;amp;)]:text-sm [:where(&amp;amp;)]:text-zinc-500 [:where(&amp;amp;)]:dark:text-white/70 truncate" data-flux-text &gt;nelda69@example.org&lt;/p&gt;            &lt;/div&gt;\n
        &lt;/div&gt;\n
        &lt;div class="-mx-[.3125rem] my-[.3125rem] h-px"  data-flux-menu-separator&gt;\n
    &lt;div data-orientation="horizontal" role="none" class="border-0 [print-color-adjust:exact] bg-zinc-800/15 dark:bg-white/20 h-px w-full dark:bg-zinc-600!" data-flux-separator&gt;&lt;/div&gt;\n
&lt;/div&gt;\n
        &lt;ui-radio-group class="block flex p-1 rounded-lg bg-zinc-800/5 dark:bg-white/10 h-10 p-1" x-data="" x-model="$flux.appearance"  data-flux-radio-group-segmented&gt;\n
        &lt;ui-radio class="flex whitespace-nowrap flex-1 justify-center items-center gap-2 rounded-md data-checked:shadow-xs text-sm font-medium text-zinc-600 hover:text-zinc-800 dark:hover:text-white dark:text-white/70 data-checked:text-zinc-800 dark:data-checked:text-white data-checked:bg-white dark:data-checked:bg-white/20 [&amp;amp;[disabled]]:opacity-50 dark:[&amp;amp;[disabled]]:opacity-75 [&amp;amp;[disabled]]:cursor-default [&amp;amp;[disabled]]:pointer-events-none px-4" value="light" data-flux-control data-flux-radio-segmented tabindex="-1"&gt;\n
            &lt;svg class="shrink-0 [:where(&amp;amp;)]:size-5 text-zinc-500 dark:text-zinc-400 [ui-radio[data-checked]_&amp;]:text-zinc-800 dark:[ui-radio[data-checked]_&amp;]:text-white" data-flux-icon xmlns="http://www.w3.org/2000/svg" viewBox="0 0 20 20" fill="currentColor" aria-hidden="true" data-slot="icon"&gt;\n
  &lt;path d="M10 2a.75.75 0 0 1 .75.75v1.5a.75.75 0 0 1-1.5 0v-1.5A.75.75 0 0 1 10 2ZM10 15a.75.75 0 0 1 .75.75v1.5a.75.75 0 0 1-1.5 0v-1.5A.75.75 0 0 1 10 15ZM10 7a3 3 0 1 0 0 6 3 3 0 0 0 0-6ZM15.657 5.404a.75.75 0 1 0-1.06-1.06l-1.061 1.06a.75.75 0 0 0 1.06 1.06l1.06-1.06ZM6.464 14.596a.75.75 0 1 0-1.06-1.06l-1.06 1.06a.75.75 0 0 0 1.06 1.06l1.06-1.06ZM18 10a.75.75 0 0 1-.75.75h-1.5a.75.75 0 0 1 0-1.5h1.5A.75.75 0 0 1 18 10ZM5 10a.75.75 0 0 1-.75.75h-1.5a.75.75 0 0 1 0-1.5h1.5A.75.75 0 0 1 5 10ZM14.596 15.657a.75.75 0 0 0 1.06-1.06l-1.06-1.061a.75.75 0 1 0-1.06 1.06l1.06 1.06ZM5.404 6.464a.75.75 0 0 0 1.06-1.06l-1.06-1.06a.75.75 0 1 0-1.061 1.06l1.06 1.06Z"/&gt;\n
&lt;/svg&gt;\n
\n
            \n
    \n
\n
    &lt;/ui-radio&gt;\n
            &lt;ui-radio class="flex whitespace-nowrap flex-1 justify-center items-center gap-2 rounded-md data-checked:shadow-xs text-sm font-medium text-zinc-600 hover:text-zinc-800 dark:hover:text-white dark:text-white/70 data-checked:text-zinc-800 dark:data-checked:text-white data-checked:bg-white dark:data-checked:bg-white/20 [&amp;amp;[disabled]]:opacity-50 dark:[&amp;amp;[disabled]]:opacity-75 [&amp;amp;[disabled]]:cursor-default [&amp;amp;[disabled]]:pointer-events-none px-4" value="dark" data-flux-control data-flux-radio-segmented tabindex="-1"&gt;\n
            &lt;svg class="shrink-0 [:where(&amp;amp;)]:size-5 text-zinc-500 dark:text-zinc-400 [ui-radio[data-checked]_&amp;]:text-zinc-800 dark:[ui-radio[data-checked]_&amp;]:text-white" data-flux-icon xmlns="http://www.w3.org/2000/svg" viewBox="0 0 20 20" fill="currentColor" aria-hidden="true" data-slot="icon"&gt;\n
  &lt;path fill-rule="evenodd" d="M7.455 2.004a.75.75 0 0 1 .26.77 7 7 0 0 0 9.958 7.967.75.75 0 0 1 1.067.853A8.5 8.5 0 1 1 6.647 1.921a.75.75 0 0 1 .808.083Z" clip-rule="evenodd"/&gt;\n
&lt;/svg&gt;\n
\n
            \n
    \n
\n
    &lt;/ui-radio&gt;\n
            &lt;ui-radio class="flex whitespace-nowrap flex-1 justify-center items-center gap-2 rounded-md data-checked:shadow-xs text-sm font-medium text-zinc-600 hover:text-zinc-800 dark:hover:text-white dark:text-white/70 data-checked:text-zinc-800 dark:data-checked:text-white data-checked:bg-white dark:data-checked:bg-white/20 [&amp;amp;[disabled]]:opacity-50 dark:[&amp;amp;[disabled]]:opacity-75 [&amp;amp;[disabled]]:cursor-default [&amp;amp;[disabled]]:pointer-events-none px-4" value="system" data-flux-control data-flux-radio-segmented tabindex="-1"&gt;\n
            &lt;svg class="shrink-0 [:where(&amp;amp;)]:size-5 text-zinc-500 dark:text-zinc-400 [ui-radio[data-checked]_&amp;]:text-zinc-800 dark:[ui-radio[data-checked]_&amp;]:text-white" data-flux-icon xmlns="http://www.w3.org/2000/svg" viewBox="0 0 20 20" fill="currentColor" aria-hidden="true" data-slot="icon"&gt;\n
  &lt;path fill-rule="evenodd" d="M2 4.25A2.25 2.25 0 0 1 4.25 2h11.5A2.25 2.25 0 0 1 18 4.25v8.5A2.25 2.25 0 0 1 15.75 15h-3.105a3.501 3.501 0 0 0 1.1 1.677A.75.75 0 0 1 13.26 18H6.74a.75.75 0 0 1-.484-1.323A3.501 3.501 0 0 0 7.355 15H4.25A2.25 2.25 0 0 1 2 12.75v-8.5Zm1.5 0a.75.75 0 0 1 .75-.75h11.5a.75.75 0 0 1 .75.75v7.5a.75.75 0 0 1-.75.75H4.25a.75.75 0 0 1-.75-.75v-7.5Z" clip-rule="evenodd"/&gt;\n
&lt;/svg&gt;\n
\n
            \n
    \n
\n
    &lt;/ui-radio&gt;\n
    &lt;/ui-radio-group&gt;\n
        \n
        &lt;div class="-mx-[.3125rem] my-[.3125rem] h-px"  data-flux-menu-separator&gt;\n
    &lt;div data-orientation="horizontal" role="none" class="border-0 [print-color-adjust:exact] bg-zinc-800/15 dark:bg-white/20 h-px w-full dark:bg-zinc-600!" data-flux-separator&gt;&lt;/div&gt;\n
&lt;/div&gt;\n
        &lt;ui-menu-radio-group  data-flux-menu-radio-group&gt;\n
    &lt;a href="https://project-manager-app.test/webmail" data-flux-menu-item="data-flux-menu-item" data-flux-menu-item-has-icon="data-flux-menu-item-has-icon" class="flex items-center px-2 py-1.5 w-full focus:outline-hidden rounded-md text-start text-sm font-medium [&amp;amp;[disabled]]:opacity-50 text-zinc-800 data-active:bg-zinc-50 dark:text-white dark:data-active:bg-zinc-600 **:data-flux-menu-item-icon:text-zinc-400 dark:**:data-flux-menu-item-icon:text-white/60 [&amp;amp;[data-active]_[data-flux-menu-item-icon]]:text-current" target="_blank" rel="noopener noreferrer" data-test="user-webmail-menu-link"&gt;\n
        &lt;svg class="shrink-0 [:where(&amp;amp;)]:size-5 me-2" data-flux-menu-item-icon="data-flux-menu-item-icon" data-flux-icon xmlns="http://www.w3.org/2000/svg" viewBox="0 0 20 20" fill="currentColor" aria-hidden="true" data-slot="icon"&gt;\n
  &lt;path d="M3 4a2 2 0 0 0-2 2v1.161l8.441 4.221a1.25 1.25 0 0 0 1.118 0L19 7.162V6a2 2 0 0 0-2-2H3Z"/&gt;\n
  &lt;path d="m19 8.839-7.77 3.885a2.75 2.75 0 0 1-2.46 0L1 8.839V14a2 2 0 0 0 2 2h14a2 2 0 0 0 2-2V8.839Z"/&gt;\n
&lt;/svg&gt;\n
\n
            \n
    Webmail\n
    &lt;/a&gt;\n
            \n
            &lt;a href="https://project-manager-app.test/settings/profile" data-flux-menu-item="data-flux-menu-item" data-flux-menu-item-has-icon="data-flux-menu-item-has-icon" class="flex items-center px-2 py-1.5 w-full focus:outline-hidden rounded-md text-start text-sm font-medium [&amp;amp;[disabled]]:opacity-50 text-zinc-800 data-active:bg-zinc-50 dark:text-white dark:data-active:bg-zinc-600 **:data-flux-menu-item-icon:text-zinc-400 dark:**:data-flux-menu-item-icon:text-white/60 [&amp;amp;[data-active]_[data-flux-menu-item-icon]]:text-current" wire:navigate=""&gt;\n
        &lt;svg class="shrink-0 [:where(&amp;amp;)]:size-5 me-2" data-flux-menu-item-icon="data-flux-menu-item-icon" data-flux-icon xmlns="http://www.w3.org/2000/svg" viewBox="0 0 20 20" fill="currentColor" aria-hidden="true" data-slot="icon"&gt;\n
  &lt;path d="M13.024 9.25c.47 0 .827-.433.637-.863a4 4 0 0 0-4.094-2.364c-.468.05-.665.576-.43.984l1.08 1.868a.75.75 0 0 0 .649.375h2.158ZM7.84 7.758c-.236-.408-.79-.5-1.068-.12A3.982 3.982 0 0 0 6 10c0 .884.287 1.7.772 2.363.278.38.832.287 1.068-.12l1.078-1.868a.75.75 0 0 0 0-.75L7.839 7.758ZM9.138 12.993c-.235.408-.039.934.43.984a4 4 0 0 0 4.094-2.364c.19-.43-.168-.863-.638-.863h-2.158a.75.75 0 0 0-.65.375l-1.078 1.868Z"/&gt;\n
  &lt;path fill-rule="evenodd" d="m14.13 4.347.644-1.117a.75.75 0 0 0-1.299-.75l-.644 1.116a6.954 6.954 0 0 0-2.081-.556V1.75a.75.75 0 0 0-1.5 0v1.29a6.954 6.954 0 0 0-2.081.556L6.525 2.48a.75.75 0 1 0-1.3.75l.645 1.117A7.04 7.04 0 0 0 4.347 5.87L3.23 5.225a.75.75 0 1 0-.75 1.3l1.116.644A6.954 6.954 0 0 0 3.04 9.25H1.75a.75.75 0 0 0 0 1.5h1.29c.078.733.27 1.433.556 2.081l-1.116.645a.75.75 0 1 0 .75 1.298l1.117-.644a7.04 7.04 0 0 0 1.523 1.523l-.645 1.117a.75.75 0 1 0 1.3.75l.644-1.116a6.954 6.954 0 0 0 2.081.556v1.29a.75.75 0 0 0 1.5 0v-1.29a6.954 6.954 0 0 0 2.081-.556l.645 1.116a.75.75 0 0 0 1.299-.75l-.645-1.117a7.042 7.042 0 0 0 1.523-1.523l1.117.644a.75.75 0 0 0 .75-1.298l-1.116-.645a6.954 6.954 0 0 0 .556-2.081h1.29a.75.75 0 0 0 0-1.5h-1.29a6.954 6.954 0 0 0-.556-2.081l1.116-.644a.75.75 0 0 0-.75-1.3l-1.117.645a7.04 7.04 0 0 0-1.524-1.523ZM10 4.5a5.475 5.475 0 0 0-2.781.754A5.527 5.527 0 0 0 5.22 7.277 5.475 5.475 0 0 0 4.5 10a5.475 5.475 0 0 0 .752 2.777 5.527 5.527 0 0 0 2.028 2.004c.802.458 1.73.719 2.72.719a5.474 5.474 0 0 0 2.78-.753 5.527 5.527 0 0 0 2.001-2.027c.458-.802.719-1.73.719-2.72a5.475 5.475 0 0 0-.753-2.78 5.528 5.528 0 0 0-2.028-2.002A5.475 5.475 0 0 0 10 4.5Z" clip-rule="evenodd"/&gt;\n
&lt;/svg&gt;\n
\n
            \n
    Settings\n
    &lt;/a&gt;\n
\n
            \n
            &lt;form method="POST" action="https://project-manager-app.test/logout" class="w-full"&gt;\n
                &lt;input type="hidden" name="_token" value="vkMUw26WSzBQdVpmA2p9OXdEuit9DSq0GmZNHrR1" autocomplete="off"&gt;                &lt;button type="submit" class="flex items-center px-2 py-1.5 w-full focus:outline-hidden rounded-md text-start text-sm font-medium [&amp;amp;[disabled]]:opacity-50 text-zinc-800 data-active:bg-zinc-50 dark:text-white dark:data-active:bg-zinc-600 **:data-flux-menu-item-icon:text-zinc-400 dark:**:data-flux-menu-item-icon:text-white/60 [&amp;amp;[data-active]_[data-flux-menu-item-icon]]:text-current w-full cursor-pointer" data-flux-menu-item="data-flux-menu-item" data-flux-menu-item-has-icon="data-flux-menu-item-has-icon" data-test="logout-button"&gt;\n
        &lt;svg class="shrink-0 [:where(&amp;amp;)]:size-5 me-2" data-flux-menu-item-icon="data-flux-menu-item-icon" data-flux-icon xmlns="http://www.w3.org/2000/svg" viewBox="0 0 20 20" fill="currentColor" aria-hidden="true" data-slot="icon"&gt;\n
  &lt;path fill-rule="evenodd" d="M3 4.25A2.25 2.25 0 0 1 5.25 2h5.5A2.25 2.25 0 0 1 13 4.25v2a.75.75 0 0 1-1.5 0v-2a.75.75 0 0 0-.75-.75h-5.5a.75.75 0 0 0-.75.75v11.5c0 .414.336.75.75.75h5.5a.75.75 0 0 0 .75-.75v-2a.75.75 0 0 1 1.5 0v2A2.25 2.25 0 0 1 10.75 18h-5.5A2.25 2.25 0 0 1 3 15.75V4.25Z" clip-rule="evenodd"/&gt;\n
  &lt;path fill-rule="evenodd" d="M6 10a.75.75 0 0 1 .75-.75h9.546l-1.048-.943a.75.75 0 1 1 1.004-1.114l2.5 2.25a.75.75 0 0 1 0 1.114l-2.5 2.25a.75.75 0 1 1-1.004-1.114l1.048-.943H6.75A.75.75 0 0 1 6 10Z" clip-rule="evenodd"/&gt;\n
&lt;/svg&gt;\n
\n
            \n
    Log out\n
    &lt;/button&gt;\n
            &lt;/form&gt;\n
&lt;/ui-menu-radio-group&gt;\n
&lt;/ui-menu&gt;\n
&lt;/ui-dropdown&gt;\n
&lt;/ui-sidebar&gt;\n
\n
        &lt;!-- Mobile User Menu --&gt;\n
        &lt;header class="[grid-area:header] z-10 min-h-14 flex items-center px-6 lg:px-8 lg:hidden" data-flux-header&gt;\n
            &lt;button type="button" class="relative items-center font-medium justify-center gap-2 whitespace-nowrap disabled:opacity-75 dark:disabled:opacity-75 disabled:cursor-default disabled:pointer-events-none justify-center h-10 text-sm rounded-lg w-10 inline-flex -ms-2.5 bg-transparent hover:bg-zinc-800/5 dark:hover:bg-white/15 text-zinc-500 hover:text-zinc-800 dark:text-zinc-400 dark:hover:text-white      shrink-0 lg:hidden" data-flux-button="data-flux-button" x-data="" x-on:click="$dispatch('flux-sidebar-toggle')" aria-label="Toggle sidebar" data-flux-sidebar-toggle="data-flux-sidebar-toggle"&gt;\n
        &lt;svg class="shrink-0 [:where(&amp;amp;)]:size-5" data-flux-icon xmlns="http://www.w3.org/2000/svg" viewBox="0 0 20 20" fill="currentColor" aria-hidden="true" data-slot="icon"&gt;\n
  &lt;path fill-rule="evenodd" d="M2 6.75A.75.75 0 0 1 2.75 6h14.5a.75.75 0 0 1 0 1.5H2.75A.75.75 0 0 1 2 6.75Zm0 6.5a.75.75 0 0 1 .75-.75h14.5a.75.75 0 0 1 0 1.5H2.75a.75.75 0 0 1-.75-.75Z" clip-rule="evenodd"/&gt;\n
&lt;/svg&gt;\n
    &lt;/button&gt;\n
\n
            &lt;div class="flex-1" data-flux-spacer&gt;&lt;/div&gt;\n
\n
                            &lt;ui-dropdown position="top end"  data-flux-dropdown&gt;\n
    &lt;button type="button" class="group flex items-center rounded-lg has-data-[circle=true]:rounded-full [ui-dropdown&amp;gt;&amp;amp;]:w-full p-1 hover:bg-zinc-800/5 dark:hover:bg-white/15" data-flux-profile&gt;\n
    &lt;div class="shrink-0"&gt;\n
                                &lt;div data-flux-avatar="data-flux-avatar" data-slot="avatar" data-size="sm" class="[:where(&amp;amp;)]:size-8 [:where(&amp;amp;)]:text-sm [--avatar-radius:var(--radius-md)] relative flex-none isolate flex items-center justify-center [:where(&amp;amp;)]:font-medium rounded-[var(--avatar-radius)] [:where(&amp;amp;)]:bg-zinc-200 [:where(&amp;amp;)]:dark:bg-zinc-600 [:where(&amp;amp;)]:text-zinc-800 [:where(&amp;amp;)]:dark:text-white  after:absolute after:inset-0 after:inset-ring-[1px] after:inset-ring-black/7 dark:after:inset-ring-white/10 after:rounded-md"&gt;\n
        &lt;span class="select-none"&gt;TG&lt;/span&gt;\n
    &lt;/div&gt;\n
            &lt;/div&gt;\n
\n
    \n
            &lt;div class="shrink-0 ms-auto size-8 flex justify-center items-center"&gt;\n
            &lt;svg class="shrink-0 [:where(&amp;amp;)]:size-4 text-zinc-400 dark:text-white/80 group-hover:text-zinc-800 dark:group-hover:text-white" data-flux-icon xmlns="http://www.w3.org/2000/svg" viewBox="0 0 16 16" fill="currentColor" aria-hidden="true" data-slot="icon"&gt;\n
  &lt;path fill-rule="evenodd" d="M4.22 6.22a.75.75 0 0 1 1.06 0L8 8.94l2.72-2.72a.75.75 0 1 1 1.06 1.06l-3.25 3.25a.75.75 0 0 1-1.06 0L4.22 7.28a.75.75 0 0 1 0-1.06Z" clip-rule="evenodd"/&gt;\n
&lt;/svg&gt;\n
\n
                &lt;/div&gt;\n
    &lt;/button&gt;\n
\n
                    &lt;ui-menu\n
    class="[:where(&amp;amp;)]:min-w-48 p-[.3125rem] rounded-lg shadow-xs border border-zinc-200 dark:border-zinc-600 bg-white dark:bg-zinc-700 focus:outline-hidden"\n
    popover="manual"\n
    data-flux-menu\n
&gt;\n
    &lt;ui-menu-radio-group  data-flux-menu-radio-group&gt;\n
    &lt;div class="p-0 text-sm font-normal"&gt;\n
                                &lt;div class="flex items-center gap-2 px-1 py-1.5 text-start text-sm"&gt;\n
                                    &lt;div data-flux-avatar="data-flux-avatar" data-slot="avatar" data-size="md" class="[:where(&amp;amp;)]:size-10 [:where(&amp;amp;)]:text-sm [--avatar-radius:var(--radius-lg)] relative flex-none isolate flex items-center justify-center [:where(&amp;amp;)]:font-medium rounded-[var(--avatar-radius)] [:where(&amp;amp;)]:bg-zinc-200 [:where(&amp;amp;)]:dark:bg-zinc-600 [:where(&amp;amp;)]:text-zinc-800 [:where(&amp;amp;)]:dark:text-white  after:absolute after:inset-0 after:inset-ring-[1px] after:inset-ring-black/7 dark:after:inset-ring-white/10 after:rounded-lg"&gt;\n
        &lt;span class="select-none"&gt;TG&lt;/span&gt;\n
    &lt;/div&gt;\n
\n
                                    &lt;div class="grid flex-1 text-start text-sm leading-tight"&gt;\n
                                        &lt;div class="font-medium [:where(&amp;amp;)]:text-zinc-800 [:where(&amp;amp;)]:dark:text-white text-sm [&amp;amp;:has(+[data-flux-subheading])]:mb-2 [[data-flux-subheading]+&amp;amp;]:mt-2 truncate" data-flux-heading&gt;Teresa Graham&lt;/div&gt;\n
                                        &lt;p class="[:where(&amp;amp;)]:font-normal [:where(&amp;amp;)]:text-sm [:where(&amp;amp;)]:text-zinc-500 [:where(&amp;amp;)]:dark:text-white/70 truncate" data-flux-text &gt;nelda69@example.org&lt;/p&gt;                                    &lt;/div&gt;\n
                                &lt;/div&gt;\n
                            &lt;/div&gt;\n
&lt;/ui-menu-radio-group&gt;\n
\n
                        &lt;div class="-mx-[.3125rem] my-[.3125rem] h-px"  data-flux-menu-separator&gt;\n
    &lt;div data-orientation="horizontal" role="none" class="border-0 [print-color-adjust:exact] bg-zinc-800/15 dark:bg-white/20 h-px w-full dark:bg-zinc-600!" data-flux-separator&gt;&lt;/div&gt;\n
&lt;/div&gt;\n
\n
                        &lt;ui-menu-radio-group  data-flux-menu-radio-group&gt;\n
    &lt;a href="https://project-manager-app.test/webmail" data-flux-menu-item="data-flux-menu-item" data-flux-menu-item-has-icon="data-flux-menu-item-has-icon" class="flex items-center px-2 py-1.5 w-full focus:outline-hidden rounded-md text-start text-sm font-medium [&amp;amp;[disabled]]:opacity-50 text-zinc-800 data-active:bg-zinc-50 dark:text-white dark:data-active:bg-zinc-600 **:data-flux-menu-item-icon:text-zinc-400 dark:**:data-flux-menu-item-icon:text-white/60 [&amp;amp;[data-active]_[data-flux-menu-item-icon]]:text-current" target="_blank" rel="noopener noreferrer" data-test="user-webmail-menu-link-mobile"&gt;\n
        &lt;svg class="shrink-0 [:where(&amp;amp;)]:size-5 me-2" data-flux-menu-item-icon="data-flux-menu-item-icon" data-flux-icon xmlns="http://www.w3.org/2000/svg" viewBox="0 0 20 20" fill="currentColor" aria-hidden="true" data-slot="icon"&gt;\n
  &lt;path d="M3 4a2 2 0 0 0-2 2v1.161l8.441 4.221a1.25 1.25 0 0 0 1.118 0L19 7.162V6a2 2 0 0 0-2-2H3Z"/&gt;\n
  &lt;path d="m19 8.839-7.77 3.885a2.75 2.75 0 0 1-2.46 0L1 8.839V14a2 2 0 0 0 2 2h14a2 2 0 0 0 2-2V8.839Z"/&gt;\n
&lt;/svg&gt;\n
\n
            \n
    Webmail\n
    &lt;/a&gt;\n
                            \n
                            &lt;a href="https://project-manager-app.test/settings/profile" data-flux-menu-item="data-flux-menu-item" data-flux-menu-item-has-icon="data-flux-menu-item-has-icon" class="flex items-center px-2 py-1.5 w-full focus:outline-hidden rounded-md text-start text-sm font-medium [&amp;amp;[disabled]]:opacity-50 text-zinc-800 data-active:bg-zinc-50 dark:text-white dark:data-active:bg-zinc-600 **:data-flux-menu-item-icon:text-zinc-400 dark:**:data-flux-menu-item-icon:text-white/60 [&amp;amp;[data-active]_[data-flux-menu-item-icon]]:text-current" wire:navigate=""&gt;\n
        &lt;svg class="shrink-0 [:where(&amp;amp;)]:size-5 me-2" data-flux-menu-item-icon="data-flux-menu-item-icon" data-flux-icon xmlns="http://www.w3.org/2000/svg" viewBox="0 0 20 20" fill="currentColor" aria-hidden="true" data-slot="icon"&gt;\n
  &lt;path d="M13.024 9.25c.47 0 .827-.433.637-.863a4 4 0 0 0-4.094-2.364c-.468.05-.665.576-.43.984l1.08 1.868a.75.75 0 0 0 .649.375h2.158ZM7.84 7.758c-.236-.408-.79-.5-1.068-.12A3.982 3.982 0 0 0 6 10c0 .884.287 1.7.772 2.363.278.38.832.287 1.068-.12l1.078-1.868a.75.75 0 0 0 0-.75L7.839 7.758ZM9.138 12.993c-.235.408-.039.934.43.984a4 4 0 0 0 4.094-2.364c.19-.43-.168-.863-.638-.863h-2.158a.75.75 0 0 0-.65.375l-1.078 1.868Z"/&gt;\n
  &lt;path fill-rule="evenodd" d="m14.13 4.347.644-1.117a.75.75 0 0 0-1.299-.75l-.644 1.116a6.954 6.954 0 0 0-2.081-.556V1.75a.75.75 0 0 0-1.5 0v1.29a6.954 6.954 0 0 0-2.081.556L6.525 2.48a.75.75 0 1 0-1.3.75l.645 1.117A7.04 7.04 0 0 0 4.347 5.87L3.23 5.225a.75.75 0 1 0-.75 1.3l1.116.644A6.954 6.954 0 0 0 3.04 9.25H1.75a.75.75 0 0 0 0 1.5h1.29c.078.733.27 1.433.556 2.081l-1.116.645a.75.75 0 1 0 .75 1.298l1.117-.644a7.04 7.04 0 0 0 1.523 1.523l-.645 1.117a.75.75 0 1 0 1.3.75l.644-1.116a6.954 6.954 0 0 0 2.081.556v1.29a.75.75 0 0 0 1.5 0v-1.29a6.954 6.954 0 0 0 2.081-.556l.645 1.116a.75.75 0 0 0 1.299-.75l-.645-1.117a7.042 7.042 0 0 0 1.523-1.523l1.117.644a.75.75 0 0 0 .75-1.298l-1.116-.645a6.954 6.954 0 0 0 .556-2.081h1.29a.75.75 0 0 0 0-1.5h-1.29a6.954 6.954 0 0 0-.556-2.081l1.116-.644a.75.75 0 0 0-.75-1.3l-1.117.645a7.04 7.04 0 0 0-1.524-1.523ZM10 4.5a5.475 5.475 0 0 0-2.781.754A5.527 5.527 0 0 0 5.22 7.277 5.475 5.475 0 0 0 4.5 10a5.475 5.475 0 0 0 .752 2.777 5.527 5.527 0 0 0 2.028 2.004c.802.458 1.73.719 2.72.719a5.474 5.474 0 0 0 2.78-.753 5.527 5.527 0 0 0 2.001-2.027c.458-.802.719-1.73.719-2.72a5.475 5.475 0 0 0-.753-2.78 5.528 5.528 0 0 0-2.028-2.002A5.475 5.475 0 0 0 10 4.5Z" clip-rule="evenodd"/&gt;\n
&lt;/svg&gt;\n
\n
            \n
    Settings\n
    &lt;/a&gt;\n
&lt;/ui-menu-radio-group&gt;\n
\n
                        &lt;div class="-mx-[.3125rem] my-[.3125rem] h-px"  data-flux-menu-separator&gt;\n
    &lt;div data-orientation="horizontal" role="none" class="border-0 [print-color-adjust:exact] bg-zinc-800/15 dark:bg-white/20 h-px w-full dark:bg-zinc-600!" data-flux-separator&gt;&lt;/div&gt;\n
&lt;/div&gt;\n
\n
                        &lt;form method="POST" action="https://project-manager-app.test/logout" class="w-full"&gt;\n
                            &lt;input type="hidden" name="_token" value="vkMUw26WSzBQdVpmA2p9OXdEuit9DSq0GmZNHrR1" autocomplete="off"&gt;                            &lt;button type="submit" class="flex items-center px-2 py-1.5 w-full focus:outline-hidden rounded-md text-start text-sm font-medium [&amp;amp;[disabled]]:opacity-50 text-zinc-800 data-active:bg-zinc-50 dark:text-white dark:data-active:bg-zinc-600 **:data-flux-menu-item-icon:text-zinc-400 dark:**:data-flux-menu-item-icon:text-white/60 [&amp;amp;[data-active]_[data-flux-menu-item-icon]]:text-current w-full cursor-pointer" data-flux-menu-item="data-flux-menu-item" data-flux-menu-item-has-icon="data-flux-menu-item-has-icon" data-test="logout-button"&gt;\n
        &lt;svg class="shrink-0 [:where(&amp;amp;)]:size-5 me-2" data-flux-menu-item-icon="data-flux-menu-item-icon" data-flux-icon xmlns="http://www.w3.org/2000/svg" viewBox="0 0 20 20" fill="currentColor" aria-hidden="true" data-slot="icon"&gt;\n
  &lt;path fill-rule="evenodd" d="M3 4.25A2.25 2.25 0 0 1 5.25 2h5.5A2.25 2.25 0 0 1 13 4.25v2a.75.75 0 0 1-1.5 0v-2a.75.75 0 0 0-.75-.75h-5.5a.75.75 0 0 0-.75.75v11.5c0 .414.336.75.75.75h5.5a.75.75 0 0 0 .75-.75v-2a.75.75 0 0 1 1.5 0v2A2.25 2.25 0 0 1 10.75 18h-5.5A2.25 2.25 0 0 1 3 15.75V4.25Z" clip-rule="evenodd"/&gt;\n
  &lt;path fill-rule="evenodd" d="M6 10a.75.75 0 0 1 .75-.75h9.546l-1.048-.943a.75.75 0 1 1 1.004-1.114l2.5 2.25a.75.75 0 0 1 0 1.114l-2.5 2.25a.75.75 0 1 1-1.004-1.114l1.048-.943H6.75A.75.75 0 0 1 6 10Z" clip-rule="evenodd"/&gt;\n
&lt;/svg&gt;\n
\n
            \n
    Log out\n
    &lt;/button&gt;\n
                        &lt;/form&gt;\n
&lt;/ui-menu&gt;\n
&lt;/ui-dropdown&gt;\n
    &lt;/header&gt;\n
\n
                    &lt;div class="sticky top-0 z-30 w-full border-b border-zinc-200 bg-zinc-50 px-3 py-2 dark:border-zinc-700 dark:bg-zinc-900"&gt;\n
                &lt;div class="mx-auto w-full max-w-7xl"&gt;\r\n
            &lt;nav class="flex items-center gap-1 py-3  flex flex-wrap items-center gap-2" data-flux-navbar&gt;\n
    &lt;a href="https://project-manager-app.test/admin/payroll/reports/weekly-employee-hours" data-current="data-current" wire:current.ignore="" class="px-3 h-8 flex items-center rounded-lg relative px-2.5! text-zinc-500 dark:text-white/80  data-current:after:absolute data-current:after:-bottom-3 data-current:after:inset-x-0 data-current:after:h-[2px] [--hover-fill:color-mix(in_oklab,_var(--color-accent-content),_transparent_90%)] hover:text-zinc-800 dark:hover:text-white data-current:text-(--color-accent-content) hover:data-current:text-(--color-accent-content) hover:bg-zinc-800/5 dark:hover:bg-white/10 hover:data-current:bg-(--hover-fill) data-current:after:bg-(--color-accent-content)" data-flux-navbar-items="data-flux-navbar-items" wire:navigate=""&gt;\n
        &lt;div class=" flex-1 text-sm font-medium leading-none whitespace-nowrap [[data-nav-footer]_&amp;]:hidden [[data-nav-sidebar]_[data-nav-footer]_&amp;]:block" data-content&gt;Weekly Employee Hours&lt;/div&gt;\n
    &lt;/a&gt;\n\r
\n
                    &lt;a href="https://project-manager-app.test/admin/payroll/reports/weekly-hour-adjustments" wire:current.ignore="" class="px-3 h-8 flex items-center rounded-lg relative px-2.5! text-zinc-500 dark:text-white/80  data-current:after:absolute data-current:after:-bottom-3 data-current:after:inset-x-0 data-current:after:h-[2px] [--hover-fill:color-mix(in_oklab,_var(--color-accent-content),_transparent_90%)] hover:text-zinc-800 dark:hover:text-white data-current:text-(--color-accent-content) hover:data-current:text-(--color-accent-content) hover:bg-zinc-800/5 dark:hover:bg-white/10 hover:data-current:bg-(--hover-fill) data-current:after:bg-(--color-accent-content)" data-flux-navbar-items="data-flux-navbar-items" wire:navigate=""&gt;\n
        &lt;div class=" flex-1 text-sm font-medium leading-none whitespace-nowrap [[data-nav-footer]_&amp;]:hidden [[data-nav-sidebar]_[data-nav-footer]_&amp;]:block" data-content&gt;Weekly Hour Adjustments&lt;/div&gt;\n
    &lt;/a&gt;\n\r
\n
                    &lt;a href="https://project-manager-app.test/admin/payroll/runs" wire:current.ignore="" class="px-3 h-8 flex items-center rounded-lg relative px-2.5! text-zinc-500 dark:text-white/80  data-current:after:absolute data-current:after:-bottom-3 data-current:after:inset-x-0 data-current:after:h-[2px] [--hover-fill:color-mix(in_oklab,_var(--color-accent-content),_transparent_90%)] hover:text-zinc-800 dark:hover:text-white data-current:text-(--color-accent-content) hover:data-current:text-(--color-accent-content) hover:bg-zinc-800/5 dark:hover:bg-white/10 hover:data-current:bg-(--hover-fill) data-current:after:bg-(--color-accent-content)" data-flux-navbar-items="data-flux-navbar-items" wire:navigate=""&gt;\n
        &lt;div class=" flex-1 text-sm font-medium leading-none whitespace-nowrap [[data-nav-footer]_&amp;]:hidden [[data-nav-sidebar]_[data-nav-footer]_&amp;]:block" data-content&gt;Runs&lt;/div&gt;\n
    &lt;/a&gt;\n
&lt;/nav&gt;\n
        &lt;/div&gt;\n
            &lt;/div&gt;\n
        \n
        &lt;div class="[grid-area:main] p-6 lg:p-8 [[data-flux-container]_&amp;amp;]:px-0" data-flux-main&gt;\n
    &lt;div wire:snapshot="{&amp;quot;data&amp;quot;:{&amp;quot;weekStart&amp;quot;:&amp;quot;2026-05-17&amp;quot;,&amp;quot;editHours&amp;quot;:[[],{&amp;quot;s&amp;quot;:&amp;quot;arr&amp;quot;}],&amp;quot;editReasons&amp;quot;:[[],{&amp;quot;s&amp;quot;:&amp;quot;arr&amp;quot;}],&amp;quot;editingUserId&amp;quot;:null,&amp;quot;showEmailModal&amp;quot;:false,&amp;quot;emailForm&amp;quot;:[{&amp;quot;recipient&amp;quot;:&amp;quot;&amp;quot;,&amp;quot;subject&amp;quot;:&amp;quot;&amp;quot;,&amp;quot;body&amp;quot;:&amp;quot;&amp;quot;},{&amp;quot;s&amp;quot;:&amp;quot;arr&amp;quot;}]},&amp;quot;memo&amp;quot;:{&amp;quot;id&amp;quot;:&amp;quot;aWmNNpTmbPCywFMYeOPA&amp;quot;,&amp;quot;name&amp;quot;:&amp;quot;payroll::admin.reports.weekly-employee-hours&amp;quot;,&amp;quot;path&amp;quot;:&amp;quot;admin\/payroll\/reports\/weekly-employee-hours&amp;quot;,&amp;quot;method&amp;quot;:&amp;quot;GET&amp;quot;,&amp;quot;release&amp;quot;:&amp;quot;a-a-a&amp;quot;,&amp;quot;children&amp;quot;:[],&amp;quot;scripts&amp;quot;:[],&amp;quot;assets&amp;quot;:[],&amp;quot;errors&amp;quot;:[],&amp;quot;locale&amp;quot;:&amp;quot;en&amp;quot;,&amp;quot;islands&amp;quot;:[]},&amp;quot;checksum&amp;quot;:&amp;quot;50d77867e1af220be3ccac85bfb29ba311ad24657decc4b416042dd1fdc23638&amp;quot;}" wire:effects="{&amp;quot;url&amp;quot;:{&amp;quot;weekStart&amp;quot;:{&amp;quot;as&amp;quot;:&amp;quot;week_start&amp;quot;,&amp;quot;use&amp;quot;:&amp;quot;replace&amp;quot;,&amp;quot;alwaysShow&amp;quot;:false,&amp;quot;except&amp;quot;:null}}}" wire:id="aWmNNpTmbPCywFMYeOPA" wire:name="payroll::admin.reports.weekly-employee-hours" class="mx-auto w-full max-w-5xl space-y-6 px-4 py-6 sm:px-6 lg:px-8"&gt;\r\n
    &lt;div class="flex items-start justify-between gap-4"&gt;\r\n
        &lt;div&gt;\r\n
            &lt;h1 class="text-2xl font-semibold text-zinc-900 dark:text-zinc-100"&gt;Weekly Employee Hours&lt;/h1&gt;\r\n
            &lt;p class="mt-1 text-sm text-zinc-500 dark:text-zinc-400"&gt;\r\n
                Summary of approved employee hours for payroll submission.\r\n
            &lt;/p&gt;\r\n
        &lt;/div&gt;\r\n
        &lt;div class="flex gap-2"&gt;\r\n
            &lt;button\r\n
                onclick="window.print()"\r\n
                class="rounded-lg bg-zinc-900 px-4 py-2 text-sm font-medium text-white hover:bg-zinc-700 dark:bg-zinc-100 dark:text-zinc-900 dark:hover:bg-zinc-300"\r\n
            &gt;\r\n
                Print\r\n
            &lt;/button&gt;\r\n
            &lt;button\r\n
                wire:click="openEmailModal"\r\n
                class="rounded-lg bg-indigo-600 px-4 py-2 text-sm font-medium text-white hover:bg-indigo-700 dark:bg-indigo-500 dark:text-white"\r\n
            &gt;\r\n
                Email as PDF\r\n
            &lt;/button&gt;\r\n
        &lt;/div&gt;\r\n
        \r\n
        &lt;div x-data="{ open: window.Livewire.find('aWmNNpTmbPCywFMYeOPA').entangle('showEmailModal') }" x-show="open" class="fixed inset-0 z-50 flex items-center justify-center bg-black bg-opacity-50"&gt;\r\n
    &lt;div @click.away="open = false" class="bg-white dark:bg-zinc-900 rounded-lg shadow-lg w-full max-w-lg p-6"&gt;\r\n
        &lt;div class="flex justify-between items-center mb-4"&gt;\r\n
            &lt;h2 class="text-lg font-semibold text-zinc-900 dark:text-zinc-100"&gt;\r\n
                Send Report as Email\r\n
            &lt;/h2&gt;\r\n
            &lt;button @click="open = false" class="text-zinc-400 hover:text-zinc-700 dark:hover:text-zinc-200"&gt;&amp;times;&lt;/button&gt;\r\n
        &lt;/div&gt;\r\n
        &lt;form wire:submit.prevent="sendEmail"&gt;\r\n
            &lt;div class="mb-4"&gt;\r\n
                &lt;label class="block text-sm font-medium text-zinc-700 dark:text-zinc-300"&gt;Recipient Email&lt;/label&gt;\r\n
                &lt;input type="email" wire:model.defer="emailForm.recipient" required class="mt-1 w-full rounded border border-zinc-300 dark:border-zinc-700 bg-white dark:bg-zinc-950 px-3 py-2 text-sm text-zinc-900 dark:text-zinc-100" /&gt;\r\n
                &lt;!--[if BLOCK]&gt;&lt;![endif]--&gt;&lt;!--[if ENDBLOCK]&gt;&lt;![endif]--&gt;            &lt;/div&gt;\r\n
            &lt;div class="mb-4"&gt;\r\n
                &lt;label class="block text-sm font-medium text-zinc-700 dark:text-zinc-300"&gt;Subject&lt;/label&gt;\r\n
                &lt;input type="text" wire:model.defer="emailForm.subject" required class="mt-1 w-full rounded border border-zinc-300 dark:border-zinc-700 bg-white dark:bg-zinc-950 px-3 py-2 text-sm text-zinc-900 dark:text-zinc-100" /&gt;\r\n
                &lt;!--[if BLOCK]&gt;&lt;![endif]--&gt;&lt;!--[if ENDBLOCK]&gt;&lt;![endif]--&gt;            &lt;/div&gt;\r\n
            &lt;div class="mb-4"&gt;\r\n
                &lt;label class="block text-sm font-medium text-zinc-700 dark:text-zinc-300"&gt;Message&lt;/label&gt;\r\n
                &lt;textarea wire:model.defer="emailForm.body" rows="4" class="mt-1 w-full rounded border border-zinc-300 dark:border-zinc-700 bg-white dark:bg-zinc-950 px-3 py-2 text-sm text-zinc-900 dark:text-zinc-100"&gt;&lt;/textarea&gt;\r\n
                &lt;!--[if BLOCK]&gt;&lt;![endif]--&gt;&lt;!--[if ENDBLOCK]&gt;&lt;![endif]--&gt;            &lt;/div&gt;\r\n
            &lt;div class="flex justify-end gap-2"&gt;\r\n
                &lt;button type="button" @click="open = false" class="rounded bg-zinc-200 dark:bg-zinc-800 px-4 py-2 text-sm text-zinc-700 dark:text-zinc-200"&gt;Cancel&lt;/button&gt;\r\n
                &lt;button type="submit" class="rounded bg-indigo-600 px-4 py-2 text-sm text-white hover:bg-indigo-700"&gt;Send Email&lt;/button&gt;\r\n
            &lt;/div&gt;\r\n
        &lt;/form&gt;\r\n
    &lt;/div&gt;\r\n
&lt;/div&gt;\r\n
    &lt;/div&gt;\r\n
\r\n
    &lt;div class="flex flex-col gap-4 sm:flex-row sm:items-end"&gt;\r\n
        &lt;div class="flex-1"&gt;\r\n
            &lt;label class="block text-sm font-medium text-zinc-700 dark:text-zinc-300"&gt;Week Starting&lt;/label&gt;\r\n
            &lt;input\r\n
                type="date"\r\n
                wire:model.live="weekStart"\r\n
                class="mt-1 w-full rounded-lg border border-zinc-300 bg-white px-3 py-2 text-sm text-zinc-900 focus:border-zinc-500 focus:outline-none dark:border-zinc-700 dark:bg-zinc-950 dark:text-zinc-100"\r\n
            /&gt;\r\n
        &lt;/div&gt;\r\n
        &lt;div class="flex gap-2"&gt;\r\n
            &lt;button\r\n
                wire:click="previousWeek"\r\n
                class="rounded-lg border border-zinc-300 bg-white px-3 py-2 text-sm font-medium text-zinc-700 hover:bg-zinc-50 dark:border-zinc-700 dark:bg-zinc-900 dark:text-zinc-200 dark:hover:bg-zinc-800"\r\n
            &gt;\r\n
                Previous Week\r\n
            &lt;/button&gt;\r\n
            &lt;button\r\n
                wire:click="nextWeek"\r\n
                class="rounded-lg border border-zinc-300 bg-white px-3 py-2 text-sm font-medium text-zinc-700 hover:bg-zinc-50 dark:border-zinc-700 dark:bg-zinc-900 dark:text-zinc-200 dark:hover:bg-zinc-800"\r\n
            &gt;\r\n
                Next Week\r\n
            &lt;/button&gt;\r\n
        &lt;/div&gt;\r\n
    &lt;/div&gt;\r\n
\r\n
    &lt;div class="space-y-3 rounded-lg bg-blue-50 p-4 dark:bg-blue-900/30"&gt;\r\n
        &lt;p class="text-sm font-medium text-blue-900 dark:text-blue-200"&gt;\r\n
            &lt;strong&gt;Week of May 17, 2026 to May 23, 2026&lt;/strong&gt;\r\n
        &lt;/p&gt;\r\n
        &lt;p class="text-sm text-blue-800 dark:text-blue-300"&gt;\r\n
            Showing approved and submitted timecards only. Total employees: &lt;strong&gt;0&lt;/strong&gt;\r\n
        &lt;/p&gt;\r\n
        &lt;!--[if BLOCK]&gt;&lt;![endif]--&gt;&lt;!--[if ENDBLOCK]&gt;&lt;![endif]--&gt;    &lt;/div&gt;\r\n
\r\n
    &lt;div class="overflow-hidden rounded-xl border border-zinc-200 bg-white shadow-sm dark:border-zinc-700 dark:bg-zinc-900"&gt;\r\n
        &lt;div class="overflow-x-auto"&gt;\r\n
            &lt;table class="min-w-full divide-y divide-zinc-200 dark:divide-zinc-700"&gt;\r\n
                &lt;thead class="bg-zinc-50 dark:bg-zinc-800/50"&gt;\r\n
                    &lt;tr&gt;\r\n
                        &lt;th class="px-4 py-3 text-left text-xs font-semibold uppercase tracking-wide text-zinc-500 dark:text-zinc-400"&gt;\r\n
                            Employee Name\r\n
                        &lt;/th&gt;\r\n
                        &lt;th class="px-4 py-3 text-left text-xs font-semibold uppercase tracking-wide text-zinc-500 dark:text-zinc-400"&gt;\r\n
                            Employee ID\r\n
                        &lt;/th&gt;\r\n
                        &lt;th class="px-4 py-3 text-right text-xs font-semibold uppercase tracking-wide text-zinc-500 dark:text-zinc-400"&gt;\r\n
                            Source Hours\r\n
                        &lt;/th&gt;\r\n
                        &lt;th class="px-4 py-3 text-right text-xs font-semibold uppercase tracking-wide text-zinc-500 dark:text-zinc-400"&gt;\r\n
                            Reported Hours\r\n
                        &lt;/th&gt;\r\n
                        &lt;!--[if BLOCK]&gt;&lt;![endif]--&gt;&lt;!--[if ENDBLOCK]&gt;&lt;![endif]--&gt;                    &lt;/tr&gt;\r\n
                &lt;/thead&gt;\r\n
                &lt;tbody class="divide-y divide-zinc-200 dark:divide-zinc-800"&gt;\r\n
                    &lt;!--[if BLOCK]&gt;&lt;![endif]--&gt;                        &lt;tr&gt;\r\n
                            &lt;td colspan="4" class="px-4 py-8 text-center text-sm text-zinc-500 dark:text-zinc-400"&gt;\r\n
                                No approved timecards for this week.\r\n
                            &lt;/td&gt;\r\n
                        &lt;/tr&gt;\r\n
                    &lt;!--[if ENDBLOCK]&gt;&lt;![endif]--&gt;                &lt;/tbody&gt;\r\n
                &lt;!--[if BLOCK]&gt;&lt;![endif]--&gt;&lt;!--[if ENDBLOCK]&gt;&lt;![endif]--&gt;            &lt;/table&gt;\r\n
        &lt;/div&gt;\r\n
    &lt;/div&gt;\r\n
\r\n
    &lt;div class="overflow-hidden rounded-xl border border-zinc-200 bg-white shadow-sm dark:border-zinc-700 dark:bg-zinc-900"&gt;\r\n
        &lt;div class="flex items-center justify-between gap-4 px-4 py-4"&gt;\r\n
            &lt;div&gt;\r\n
                &lt;h2 class="text-base font-semibold text-zinc-900 dark:text-zinc-100"&gt;Weekly Hour Adjustment Report&lt;/h2&gt;\r\n
                &lt;p class="mt-1 text-sm text-zinc-500 dark:text-zinc-400"&gt;\r\n
                    View a dedicated report of weekly-hour overrides tracked separately from timecards.\r\n
                &lt;/p&gt;\r\n
            &lt;/div&gt;\r\n
            &lt;a\r\n
                href="https://project-manager-app.test/admin/payroll/reports/weekly-hour-adjustments?week_start=2026-05-17"\r\n
                class="rounded-lg border border-zinc-300 bg-white px-3 py-2 text-sm font-medium text-zinc-700 hover:bg-zinc-50 dark:border-zinc-700 dark:bg-zinc-900 dark:text-zinc-200 dark:hover:bg-zinc-800"\r\n
                wire:navigate\r\n
            &gt;\r\n
                Open Report\r\n
            &lt;/a&gt;\r\n
        &lt;/div&gt;\r\n
    &lt;/div&gt;\r\n
\r\n
    &lt;div class="text-center text-xs text-zinc-500 dark:text-zinc-400 print:hidden"&gt;\r\n
        &lt;p&gt;Generated on May 18, 2026 at 9:47 AM&lt;/p&gt;\r\n
    &lt;/div&gt;\r\n
&lt;/div&gt;\r\n
\r\n
&lt;style&gt;\r\n
    @media print {\r\n
        .print\:hidden {\r\n
            display: none;\r\n
        }\r\n
\r\n
        body {\r\n
            background: white;\r\n
        }\r\n
\r\n
        * {\r\n
            box-shadow: none !important;\r\n
        }\r\n
    }\r\n
&lt;/style&gt;\n
&lt;/div&gt;\n
\n
        &lt;script src="https://project-manager-app.test/flux/flux.js?id=9692f2aa" data-navigate-once&gt;&lt;/script&gt;\n
\n
        \n
        &lt;script&gt;\n
            document.addEventListener('livewire:init', () =&gt; {\n
                Livewire.hook('request', ({ fail }) =&gt; {\n
                    fail(({ status, preventDefault }) =&gt; {\n
                        if (status === 419) {\n
                            preventDefault();\n
                            window.location.reload();\n
                        }\n
                    });\n
                });\n
            });\n
        &lt;/script&gt;\n
    &lt;!-- Livewire Scripts --&gt;\n
&lt;script src="https://project-manager-app.test/livewire-a66a1e2c/livewire.js?id=1c586ae0"   data-csrf="vkMUw26WSzBQdVpmA2p9OXdEuit9DSq0GmZNHrR1" data-module-url="https://project-manager-app.test/livewire-a66a1e2c" data-update-uri="https://project-manager-app.test/livewire-a66a1e2c/update" data-navigate-once="true"&gt;&lt;/script&gt;\n
&lt;/body&gt;\n
&lt;/html&gt;\n
' [ASCII](length: 53220) contains "Timecards" [ASCII](length: 9).&#13;
at vendor\laravel\framework\src\Illuminate\Testing\TestResponseAssert.php:45
at vendor\laravel\framework\src\Illuminate\Testing\TestResponse.php:710
at app\Domains\Payroll\Tests\Feature\PayrollReportsTest.php:57</failure>
    </testcase>
    <testcase name="Weekly hour adjustments uses app layout when referred from reports pages" file="Payroll Reports (App\Domains\Payroll\Tests\Feature\PayrollReports)::Weekly hour adjustments uses app layout when referred from reports pages" class="App\Domains\Payroll\Tests\Feature\PayrollReportsTest" classname="App.Domains.Payroll.Tests.Feature.PayrollReportsTest" assertions="3" time="0.160437"/>
  </testsuite>
</testsuites>
